2025-02-07 16:38:24,847 - INFO - predictions: [109289.10758578 148325.41024044 148325.41024044 145553.36071592
 124536.75323292 171999.61666102 128120.59986862 102510.03528029
 127972.19810896 129230.57699304  53980.14753043  83509.24692613
 189416.71821447 148325.41024044 148325.41024044 157486.47452819
 134448.28201985 126274.72804381  60460.11677243  73470.75834444
 152454.13451994 124536.75323292 157486.47452819 146028.6707785
 144302.893031    21912.73048751 148325.41024044 148325.41024044
 115516.55738078 157486.47452819 115707.97927345 119772.62822122
 121157.37483165 155894.87185579 100419.83762091 109289.10758578
 115707.97927345 174882.89582292 126039.64749916  42912.32726612
  43912.24348158 155397.51630033 148325.41024044 142549.97287188
 148325.41024044  78287.00304624 124536.75323292 109289.10758578
 155397.51630033 116569.3258075  153221.46569045 171999.61666102
 159786.7616416  123598.3932414  179837.79549289 115640.04041399
 157486.47452819  75759.47965618 155397.51630033 155397.51630033
 115707.97927345 106218.56675573  90154.15598873 189459.47470211
  78559.04343851 115707.97927345 155397.51630033 147690.45193768
 103339.64481146 148325.41024044  42560.31902459 115707.97927345
 148325.41024044 167104.09345934 131988.87828975 113868.41996446
  62521.66298563 170538.95940647  68586.74759157 150431.92709145
 129230.57699304 141157.02564974 118649.99434686 155397.51630033
 124536.75323292  66945.43421964  87465.21001905 148325.41024044
 113868.41996446 150431.92709145 155397.51630033 152454.13451994
 109289.10758578  85848.63038505  66744.70191338  42409.53028534
 157486.47452819 155397.51630033  57004.27084433 109331.85522535
 152454.13451994 105838.10158974  58829.60495056 120950.37892388
 210240.61426451 173471.56453761 124536.75323292 179837.79549289
 118649.99434686 113868.41996446 153221.46569045 153221.46569045
 150431.92709145 106972.38671168 157486.47452819 134668.25416535
 150431.92709145  33926.11000721  40490.50955953 157486.47452819
  53358.15099575 121090.63789676 169431.34077376 152454.13451994
 104859.1076209   19023.22889023 159786.7616416  153221.46569045
 153221.46569045 150431.92709145 164123.45189475  71781.19264356
 152454.13451994 157486.47452819 175661.32226657 173075.38608237
  53253.39020697 152454.13451994  62173.36224353 118649.99434686
 142272.24580939 120950.37892388 148325.41024044 152454.13451994
 109289.10758578 184997.67971874 148325.41024044  18941.76756623
 152454.13451994 105212.29028391 155397.51630033 113868.41996446
 189459.47470211 126039.64749916  69360.12261324 150431.92709145
  59123.06113856  60346.50648948 150431.92709145 107091.82509297
  51218.58592233 113868.41996446 153221.46569045 118649.99434686
  73308.26946987  50558.99402552 144606.72095785 109289.10758578
 160901.88205405 155397.51630033 153221.46569045 130677.20259964
  64053.58653352 147690.45193768 147690.45193768 155397.51630033
 152454.13451994 174499.71960327 159799.88981232  78287.00304624
 174882.89582292 148325.41024044 134668.25416535 153221.46569045
 152454.13451994  56329.66765535 171306.81410509  93037.13306169
 157486.47452819 155397.51630033 155397.51630033 159786.7616416
 126039.64749916 159786.7616416  153221.46569045  93037.13306169
 101150.30466038 150431.92709145 157486.47452819 120950.37892388
  86569.56500208  43636.0661136  153221.46569045 159786.7616416
 150431.92709145 124536.75323292 148325.41024044 153221.46569045
 153221.46569045 164123.45189475  50160.66267508  83708.84160672
  53305.15877274 124536.75323292 155397.51630033 148325.41024044
 153221.46569045 118649.99434686 155397.51630033  32536.87771086
 152454.13451994 148325.41024044  50160.66267508 115707.97927345
  25214.09626037 160901.88205405  59433.80971135  70012.33165319
 148325.41024044 120950.37892388 101595.18823791  55593.44318059
 106972.38671168  46772.27594666 171999.61666102 164395.2219526
 159009.80675718 189416.71821447 148325.41024044  28797.50580884
  99711.07993734 135489.17177648 148325.41024044 148325.41024044
  71351.85770919 179837.79549289 150431.92709145 126039.64749916
 162255.47959393 113868.41996446 190130.21840278  79171.61168048
 150431.92709145 157486.47452819 132881.96516235 148325.41024044
 189416.71821447 164123.45189475 106025.84900816 101033.14252395
 157486.47452819 128765.08004321 102115.9320739  163435.93744358
 130974.87938785 153221.46569045 153221.46569045 124536.75323292
 155397.51630033  47553.83733512 170538.95940647 134668.25416535
 153221.46569045 130537.63800328  54904.75960347 189416.71821447
 124536.75323292 171306.81410509 146028.6707785  152454.13451994
 190986.53232622 132881.96516235 113868.41996446 111373.69730235
 157486.47452819 118649.99434686 148325.41024044 118245.11104166
 153221.46569045 160901.88205405  66353.7323837  150431.92709145
  64318.8001536   80427.85082161 118116.9529003  150431.92709145
 102723.3259879  222292.9153993  153221.46569045  80427.85082161
 157486.47452819 153221.46569045  72340.91024015 157486.47452819
 155894.87185579  73135.56417437 126039.64749916 118649.99434686
 150431.92709145 123598.3932414  174882.89582292 152454.13451994
 163246.03147885 152454.13451994 155397.51630033  16765.69726163
 171999.61666102  61986.98933536  59234.32039543  16374.160693
 155397.51630033  74628.51247139  48936.59002985 127972.19810896
 179837.79549289 154044.21230959 150431.92709145 155397.51630033
 157486.47452819 148325.41024044 150431.92709145  81082.44328194
  98775.50513952  53253.39020697 124536.75323292 148325.41024044
 124812.34019574 189416.71821447  42565.77864427 113868.41996446
  74043.65041778 150431.92709145 150431.92709145 157486.47452819
  59123.06113856 120950.37892388  85848.63038505  31965.41801451
 163246.03147885 115707.97927345  96129.39466509 104943.92483688
  57474.78618655 152454.13451994  33248.5576222  150431.92709145
 174882.89582292 138665.62098237 152454.13451994 109289.10758578
 155397.51630033 153221.46569045 126039.64749916 100419.83762091
  12790.88922218 155397.51630033 155397.51630033  78559.04343851
  67327.39367117 152454.13451994  34342.5167294   55335.2532848
  60195.81082458 127972.19810896  98059.7750638   98970.52848829
 153221.46569045 157486.47452819 153221.46569045 118649.99434686
 148325.41024044 150992.11141401 100419.83762091 124536.75323292
 111534.64078958 148325.41024044 124536.75323292 167104.09345934]
